<?xml version="1.0" encoding="UTF-8"?>
<!-- Generated by org.testng.reporters.JUnitReportReporter -->
<testsuite hostname="softraw-H310M-H-2-0" failures="0" tests="1" name="maven.Testa" time="2.771" errors="0" timestamp="2022-05-26T19:20:44 IST" skipped="0">
  <testcase classname="maven.Testa" name="runChrome" time="2.771"/>
  <system-out/>
</testsuite> <!-- maven.Testa -->
